Started by user Isaev Antonio
[Pipeline] Start of Pipeline
[Pipeline] node
Running on Jenkins in /var/jenkins_home/workspace/dump-bd
[Pipeline] {
[Pipeline] stage
[Pipeline] { (Dump Database)
[Pipeline] sh
+ mysqldump -h 158.160.25.14 -P 3306 -u root -pP@ssw0rd classicmodels
[Pipeline] archiveArtifacts
Archiving artifacts
[Pipeline] }
[Pipeline] // stage
[Pipeline] stage
[Pipeline] { (Load Database)
[Pipeline] script
[Pipeline] {
[Pipeline] sh
+ grep -c Unknown database
+ mysql -h 158.160.25.14 -P 3306 -u root -pP@ssw0rd -e USE classicmodels;
0
[Pipeline] sh
+ mysql -h 158.160.25.14 -P 3306 -u root -pP@ssw0rd -e CREATE DATABASE IF NOT EXISTS classicmodels
[Pipeline] sh
+ mysql -h 158.160.25.14 -P 3306 -u root -pP@ssw0rd classicmodels
[Pipeline] }
[Pipeline] // script
[Pipeline] }
[Pipeline] // stage
[Pipeline] }
[Pipeline] // node
[Pipeline] End of Pipeline
Finished: SUCCESS
